/GPUFS/nsccgz_ywang_zfd/.conda/envs/cjd_py37/lib/python3.7/site-packages/torch/nn/functional.py:1639: UserWarning: nn.functional.sigmoid is deprecated. Use torch.sigmoid instead.
  warnings.warn("nn.functional.sigmoid is deprecated. Use torch.sigmoid instead.")
Training at Epoch 1 iteration 4 with loss tensor(0.6781, device='cuda:0', dtype=torch.float64)
Training at Epoch 1 iteration 8 with loss tensor(0.6143, device='cuda:0', dtype=torch.float64)
Training at Epoch 1 iteration 12 with loss tensor(0.5882, device='cuda:0', dtype=torch.float64)
Training at Epoch 1 iteration 16 with loss tensor(0.5707, device='cuda:0', dtype=torch.float64)
Training at Epoch 1 iteration 20 with loss tensor(0.5526, device='cuda:0', dtype=torch.float64)
Training at Epoch 1 iteration 24 with loss tensor(0.5396, device='cuda:0', dtype=torch.float64)
Training at Epoch 1 iteration 28 with loss tensor(0.5298, device='cuda:0', dtype=torch.float64)
Valid
Precision:  0.5003255208333334
Recall:  1.0
F1:  0.666955511198236
max f1:  0.666955511198236
Training at Epoch 2 iteration 4 with loss tensor(0.4364, device='cuda:0', dtype=torch.float64)
Training at Epoch 2 iteration 8 with loss tensor(0.4437, device='cuda:0', dtype=torch.float64)
Training at Epoch 2 iteration 12 with loss tensor(0.4438, device='cuda:0', dtype=torch.float64)
Training at Epoch 2 iteration 16 with loss tensor(0.4366, device='cuda:0', dtype=torch.float64)
Training at Epoch 2 iteration 20 with loss tensor(0.4313, device='cuda:0', dtype=torch.float64)
Training at Epoch 2 iteration 24 with loss tensor(0.4236, device='cuda:0', dtype=torch.float64)
Training at Epoch 2 iteration 28 with loss tensor(0.4196, device='cuda:0', dtype=torch.float64)
Valid
Precision:  0.6100147670828299
Recall:  0.9852558542931483
F1:  0.7535025539478073
max f1:  0.7535025539478073
Training at Epoch 3 iteration 4 with loss tensor(0.3839, device='cuda:0', dtype=torch.float64)
Training at Epoch 3 iteration 8 with loss tensor(0.3737, device='cuda:0', dtype=torch.float64)
Training at Epoch 3 iteration 12 with loss tensor(0.3733, device='cuda:0', dtype=torch.float64)
Training at Epoch 3 iteration 16 with loss tensor(0.3718, device='cuda:0', dtype=torch.float64)
Training at Epoch 3 iteration 20 with loss tensor(0.3684, device='cuda:0', dtype=torch.float64)
Training at Epoch 3 iteration 24 with loss tensor(0.3641, device='cuda:0', dtype=torch.float64)
Training at Epoch 3 iteration 28 with loss tensor(0.3618, device='cuda:0', dtype=torch.float64)
Valid
Precision:  0.7455357142857143
Recall:  0.9470010905125409
F1:  0.834277535713624
max f1:  0.834277535713624
Training at Epoch 4 iteration 4 with loss tensor(0.3410, device='cuda:0', dtype=torch.float64)
Training at Epoch 4 iteration 8 with loss tensor(0.3400, device='cuda:0', dtype=torch.float64)
Training at Epoch 4 iteration 12 with loss tensor(0.3401, device='cuda:0', dtype=torch.float64)
Training at Epoch 4 iteration 16 with loss tensor(0.3372, device='cuda:0', dtype=torch.float64)
Training at Epoch 4 iteration 20 with loss tensor(0.3367, device='cuda:0', dtype=torch.float64)
Training at Epoch 4 iteration 24 with loss tensor(0.3379, device='cuda:0', dtype=torch.float64)
Training at Epoch 4 iteration 28 with loss tensor(0.3355, device='cuda:0', dtype=torch.float64)
Valid
Precision:  0.6161725067385445
Recall:  0.9921875
F1:  0.7602256663376472
max f1:  0.834277535713624
Training at Epoch 5 iteration 4 with loss tensor(0.3138, device='cuda:0', dtype=torch.float64)
Training at Epoch 5 iteration 8 with loss tensor(0.3243, device='cuda:0', dtype=torch.float64)
Training at Epoch 5 iteration 12 with loss tensor(0.3211, device='cuda:0', dtype=torch.float64)
Training at Epoch 5 iteration 16 with loss tensor(0.3195, device='cuda:0', dtype=torch.float64)
Training at Epoch 5 iteration 20 with loss tensor(0.3183, device='cuda:0', dtype=torch.float64)
Training at Epoch 5 iteration 24 with loss tensor(0.3205, device='cuda:0', dtype=torch.float64)
Training at Epoch 5 iteration 28 with loss tensor(0.3202, device='cuda:0', dtype=torch.float64)
Valid
Precision:  0.502791461412151
Recall:  1.0
F1:  0.6691429113767122
max f1:  0.834277535713624
Training at Epoch 6 iteration 4 with loss tensor(0.3016, device='cuda:0', dtype=torch.float64)
Training at Epoch 6 iteration 8 with loss tensor(0.3028, device='cuda:0', dtype=torch.float64)
Training at Epoch 6 iteration 12 with loss tensor(0.3027, device='cuda:0', dtype=torch.float64)
Training at Epoch 6 iteration 16 with loss tensor(0.3080, device='cuda:0', dtype=torch.float64)
Training at Epoch 6 iteration 20 with loss tensor(0.3103, device='cuda:0', dtype=torch.float64)
Training at Epoch 6 iteration 24 with loss tensor(0.3101, device='cuda:0', dtype=torch.float64)
Training at Epoch 6 iteration 28 with loss tensor(0.3098, device='cuda:0', dtype=torch.float64)
Valid
Precision:  0.9153507636551903
Recall:  0.7718838681510587
F1:  0.837517267708259
max f1:  0.837517267708259
Training at Epoch 7 iteration 4 with loss tensor(0.3213, device='cuda:0', dtype=torch.float64)
Training at Epoch 7 iteration 8 with loss tensor(0.3099, device='cuda:0', dtype=torch.float64)
Training at Epoch 7 iteration 12 with loss tensor(0.3091, device='cuda:0', dtype=torch.float64)
Training at Epoch 7 iteration 16 with loss tensor(0.3109, device='cuda:0', dtype=torch.float64)
Training at Epoch 7 iteration 20 with loss tensor(0.3067, device='cuda:0', dtype=torch.float64)
Training at Epoch 7 iteration 24 with loss tensor(0.3072, device='cuda:0', dtype=torch.float64)
Training at Epoch 7 iteration 28 with loss tensor(0.3066, device='cuda:0', dtype=torch.float64)
Valid
Precision:  0.9863713798977853
Recall:  0.12546045503791983
F1:  0.22260648951874723
max f1:  0.837517267708259
Training at Epoch 8 iteration 4 with loss tensor(0.2830, device='cuda:0', dtype=torch.float64)
Training at Epoch 8 iteration 8 with loss tensor(0.3000, device='cuda:0', dtype=torch.float64)
Training at Epoch 8 iteration 12 with loss tensor(0.3003, device='cuda:0', dtype=torch.float64)
Training at Epoch 8 iteration 16 with loss tensor(0.3027, device='cuda:0', dtype=torch.float64)
Training at Epoch 8 iteration 20 with loss tensor(0.3052, device='cuda:0', dtype=torch.float64)
Training at Epoch 8 iteration 24 with loss tensor(0.3053, device='cuda:0', dtype=torch.float64)
Training at Epoch 8 iteration 28 with loss tensor(0.3034, device='cuda:0', dtype=torch.float64)
Valid
Precision:  0.5570737605804111
Recall:  0.9984828781967924
F1:  0.7151501146167509
max f1:  0.837517267708259
Training at Epoch 9 iteration 4 with loss tensor(0.2806, device='cuda:0', dtype=torch.float64)
Training at Epoch 9 iteration 8 with loss tensor(0.2920, device='cuda:0', dtype=torch.float64)
Training at Epoch 9 iteration 12 with loss tensor(0.3022, device='cuda:0', dtype=torch.float64)
Training at Epoch 9 iteration 16 with loss tensor(0.3020, device='cuda:0', dtype=torch.float64)
Training at Epoch 9 iteration 20 with loss tensor(0.3035, device='cuda:0', dtype=torch.float64)
Training at Epoch 9 iteration 24 with loss tensor(0.3016, device='cuda:0', dtype=torch.float64)
Training at Epoch 9 iteration 28 with loss tensor(0.3018, device='cuda:0', dtype=torch.float64)
Valid
Precision:  0.5316279069767442
Recall:  0.9989075813851868
F1:  0.6939359509466726
max f1:  0.837517267708259
Training at Epoch 10 iteration 4 with loss tensor(0.2715, device='cuda:0', dtype=torch.float64)
Training at Epoch 10 iteration 8 with loss tensor(0.2778, device='cuda:0', dtype=torch.float64)
Training at Epoch 10 iteration 12 with loss tensor(0.2870, device='cuda:0', dtype=torch.float64)
Training at Epoch 10 iteration 16 with loss tensor(0.2889, device='cuda:0', dtype=torch.float64)
Training at Epoch 10 iteration 20 with loss tensor(0.2879, device='cuda:0', dtype=torch.float64)
Training at Epoch 10 iteration 24 with loss tensor(0.2865, device='cuda:0', dtype=torch.float64)
Training at Epoch 10 iteration 28 with loss tensor(0.2848, device='cuda:0', dtype=torch.float64)
Valid
Precision:  0.6812358703843255
Recall:  0.9890590809628009
F1:  0.8067822032829524
max f1:  0.837517267708259
Training at Epoch 11 iteration 4 with loss tensor(0.2646, device='cuda:0', dtype=torch.float64)
Training at Epoch 11 iteration 8 with loss tensor(0.2741, device='cuda:0', dtype=torch.float64)
Training at Epoch 11 iteration 12 with loss tensor(0.2794, device='cuda:0', dtype=torch.float64)
Training at Epoch 11 iteration 16 with loss tensor(0.2785, device='cuda:0', dtype=torch.float64)
Training at Epoch 11 iteration 20 with loss tensor(0.2813, device='cuda:0', dtype=torch.float64)
Training at Epoch 11 iteration 24 with loss tensor(0.2833, device='cuda:0', dtype=torch.float64)
Training at Epoch 11 iteration 28 with loss tensor(0.2829, device='cuda:0', dtype=torch.float64)
Valid
Precision:  0.5895281189398837
Recall:  0.9969392216878006
F1:  0.7409208100887392
max f1:  0.837517267708259
Training at Epoch 12 iteration 4 with loss tensor(0.2731, device='cuda:0', dtype=torch.float64)
Training at Epoch 12 iteration 8 with loss tensor(0.2794, device='cuda:0', dtype=torch.float64)
Training at Epoch 12 iteration 12 with loss tensor(0.2787, device='cuda:0', dtype=torch.float64)
Training at Epoch 12 iteration 16 with loss tensor(0.2777, device='cuda:0', dtype=torch.float64)
Training at Epoch 12 iteration 20 with loss tensor(0.2798, device='cuda:0', dtype=torch.float64)
Training at Epoch 12 iteration 24 with loss tensor(0.2804, device='cuda:0', dtype=torch.float64)
Training at Epoch 12 iteration 28 with loss tensor(0.2811, device='cuda:0', dtype=torch.float64)
Valid
Precision:  0.9781854238968766
Recall:  0.4281684027777778
F1:  0.5956222179871264
max f1:  0.837517267708259
Training at Epoch 13 iteration 4 with loss tensor(0.2793, device='cuda:0', dtype=torch.float64)
Training at Epoch 13 iteration 8 with loss tensor(0.2729, device='cuda:0', dtype=torch.float64)
Training at Epoch 13 iteration 12 with loss tensor(0.2752, device='cuda:0', dtype=torch.float64)
Training at Epoch 13 iteration 16 with loss tensor(0.2754, device='cuda:0', dtype=torch.float64)
Training at Epoch 13 iteration 20 with loss tensor(0.2781, device='cuda:0', dtype=torch.float64)
Training at Epoch 13 iteration 24 with loss tensor(0.2787, device='cuda:0', dtype=torch.float64)
Training at Epoch 13 iteration 28 with loss tensor(0.2804, device='cuda:0', dtype=torch.float64)
Valid
Precision:  0.9070388349514563
Recall:  0.8136294360984107
F1:  0.8577981930840503
max f1:  0.8577981930840503
Training at Epoch 14 iteration 4 with loss tensor(0.2743, device='cuda:0', dtype=torch.float64)
Training at Epoch 14 iteration 8 with loss tensor(0.2741, device='cuda:0', dtype=torch.float64)
Training at Epoch 14 iteration 12 with loss tensor(0.2816, device='cuda:0', dtype=torch.float64)
Training at Epoch 14 iteration 16 with loss tensor(0.2805, device='cuda:0', dtype=torch.float64)
Training at Epoch 14 iteration 20 with loss tensor(0.2800, device='cuda:0', dtype=torch.float64)
Training at Epoch 14 iteration 24 with loss tensor(0.2796, device='cuda:0', dtype=torch.float64)
Training at Epoch 14 iteration 28 with loss tensor(0.2802, device='cuda:0', dtype=torch.float64)
Valid
Precision:  0.687604308906084
Recall:  0.9856459330143541
F1:  0.8100808457414588
max f1:  0.8577981930840503
Training at Epoch 15 iteration 4 with loss tensor(0.2645, device='cuda:0', dtype=torch.float64)
Training at Epoch 15 iteration 8 with loss tensor(0.2688, device='cuda:0', dtype=torch.float64)
Training at Epoch 15 iteration 12 with loss tensor(0.2733, device='cuda:0', dtype=torch.float64)
Training at Epoch 15 iteration 16 with loss tensor(0.2764, device='cuda:0', dtype=torch.float64)
Training at Epoch 15 iteration 20 with loss tensor(0.2766, device='cuda:0', dtype=torch.float64)
Training at Epoch 15 iteration 24 with loss tensor(0.2780, device='cuda:0', dtype=torch.float64)
Training at Epoch 15 iteration 28 with loss tensor(0.2802, device='cuda:0', dtype=torch.float64)
Valid
Precision:  0.8769164327359101
Recall:  0.8880384867701727
F1:  0.8824419163608599
max f1:  0.8824419163608599
Training at Epoch 16 iteration 4 with loss tensor(0.2607, device='cuda:0', dtype=torch.float64)
Training at Epoch 16 iteration 8 with loss tensor(0.2708, device='cuda:0', dtype=torch.float64)
Training at Epoch 16 iteration 12 with loss tensor(0.2742, device='cuda:0', dtype=torch.float64)
Training at Epoch 16 iteration 16 with loss tensor(0.2794, device='cuda:0', dtype=torch.float64)
Training at Epoch 16 iteration 20 with loss tensor(0.2822, device='cuda:0', dtype=torch.float64)
Training at Epoch 16 iteration 24 with loss tensor(0.2832, device='cuda:0', dtype=torch.float64)
Training at Epoch 16 iteration 28 with loss tensor(0.2815, device='cuda:0', dtype=torch.float64)
Valid
Precision:  0.9522173641474079
Recall:  0.6606717226435537
F1:  0.7800941818100552
max f1:  0.8824419163608599
Training at Epoch 17 iteration 4 with loss tensor(0.2750, device='cuda:0', dtype=torch.float64)
Training at Epoch 17 iteration 8 with loss tensor(0.2789, device='cuda:0', dtype=torch.float64)
Training at Epoch 17 iteration 12 with loss tensor(0.2779, device='cuda:0', dtype=torch.float64)
Training at Epoch 17 iteration 16 with loss tensor(0.2818, device='cuda:0', dtype=torch.float64)
Training at Epoch 17 iteration 20 with loss tensor(0.2812, device='cuda:0', dtype=torch.float64)
Training at Epoch 17 iteration 24 with loss tensor(0.2825, device='cuda:0', dtype=torch.float64)
Training at Epoch 17 iteration 28 with loss tensor(0.2801, device='cuda:0', dtype=torch.float64)
Valid
Precision:  0.7728070175438596
Recall:  0.960322650970133
F1:  0.8564202310404729
max f1:  0.8824419163608599
Training at Epoch 18 iteration 4 with loss tensor(0.2865, device='cuda:0', dtype=torch.float64)
Training at Epoch 18 iteration 8 with loss tensor(0.2819, device='cuda:0', dtype=torch.float64)
Training at Epoch 18 iteration 12 with loss tensor(0.2817, device='cuda:0', dtype=torch.float64)
Training at Epoch 18 iteration 16 with loss tensor(0.2806, device='cuda:0', dtype=torch.float64)
Training at Epoch 18 iteration 20 with loss tensor(0.2798, device='cuda:0', dtype=torch.float64)
Training at Epoch 18 iteration 24 with loss tensor(0.2789, device='cuda:0', dtype=torch.float64)
Training at Epoch 18 iteration 28 with loss tensor(0.2773, device='cuda:0', dtype=torch.float64)
Valid
Precision:  0.9449189985272459
Recall:  0.7019693654266959
F1:  0.8055236791174641
max f1:  0.8824419163608599
Training at Epoch 19 iteration 4 with loss tensor(0.2574, device='cuda:0', dtype=torch.float64)
Training at Epoch 19 iteration 8 with loss tensor(0.2651, device='cuda:0', dtype=torch.float64)
Training at Epoch 19 iteration 12 with loss tensor(0.2673, device='cuda:0', dtype=torch.float64)
Training at Epoch 19 iteration 16 with loss tensor(0.2728, device='cuda:0', dtype=torch.float64)
Training at Epoch 19 iteration 20 with loss tensor(0.2768, device='cuda:0', dtype=torch.float64)
Training at Epoch 19 iteration 24 with loss tensor(0.2778, device='cuda:0', dtype=torch.float64)
Training at Epoch 19 iteration 28 with loss tensor(0.2781, device='cuda:0', dtype=torch.float64)
Valid
Precision:  0.6310301682191019
Recall:  0.9932166301969365
F1:  0.7717414274378414
max f1:  0.8824419163608599
Training at Epoch 20 iteration 4 with loss tensor(0.2794, device='cuda:0', dtype=torch.float64)
Training at Epoch 20 iteration 8 with loss tensor(0.2773, device='cuda:0', dtype=torch.float64)
Training at Epoch 20 iteration 12 with loss tensor(0.2741, device='cuda:0', dtype=torch.float64)
Training at Epoch 20 iteration 16 with loss tensor(0.2730, device='cuda:0', dtype=torch.float64)
Training at Epoch 20 iteration 20 with loss tensor(0.2669, device='cuda:0', dtype=torch.float64)
Training at Epoch 20 iteration 24 with loss tensor(0.2675, device='cuda:0', dtype=torch.float64)
Training at Epoch 20 iteration 28 with loss tensor(0.2700, device='cuda:0', dtype=torch.float64)
Valid
Precision:  0.9585160202360877
Recall:  0.6178260869565217
F1:  0.7513544473477897
max f1:  0.8824419163608599
Training at Epoch 21 iteration 4 with loss tensor(0.2623, device='cuda:0', dtype=torch.float64)
Training at Epoch 21 iteration 8 with loss tensor(0.2746, device='cuda:0', dtype=torch.float64)
Training at Epoch 21 iteration 12 with loss tensor(0.2693, device='cuda:0', dtype=torch.float64)
Training at Epoch 21 iteration 16 with loss tensor(0.2717, device='cuda:0', dtype=torch.float64)
Training at Epoch 21 iteration 20 with loss tensor(0.2724, device='cuda:0', dtype=torch.float64)
Training at Epoch 21 iteration 24 with loss tensor(0.2698, device='cuda:0', dtype=torch.float64)
Training at Epoch 21 iteration 28 with loss tensor(0.2703, device='cuda:0', dtype=torch.float64)
Valid
Precision:  0.8326794821498626
Recall:  0.9292907180385289
F1:  0.8783359384991773
max f1:  0.8824419163608599
Training at Epoch 22 iteration 4 with loss tensor(0.2647, device='cuda:0', dtype=torch.float64)
Training at Epoch 22 iteration 8 with loss tensor(0.2680, device='cuda:0', dtype=torch.float64)
Training at Epoch 22 iteration 12 with loss tensor(0.2674, device='cuda:0', dtype=torch.float64)
Training at Epoch 22 iteration 16 with loss tensor(0.2680, device='cuda:0', dtype=torch.float64)
Training at Epoch 22 iteration 20 with loss tensor(0.2679, device='cuda:0', dtype=torch.float64)
Training at Epoch 22 iteration 24 with loss tensor(0.2672, device='cuda:0', dtype=torch.float64)
Training at Epoch 22 iteration 28 with loss tensor(0.2675, device='cuda:0', dtype=torch.float64)
Valid
Precision:  0.9781818181818182
Recall:  0.4688453159041394
F1:  0.6338729050998493
max f1:  0.8824419163608599
Training at Epoch 23 iteration 4 with loss tensor(0.2546, device='cuda:0', dtype=torch.float64)
Training at Epoch 23 iteration 8 with loss tensor(0.2574, device='cuda:0', dtype=torch.float64)
Training at Epoch 23 iteration 12 with loss tensor(0.2607, device='cuda:0', dtype=torch.float64)
Training at Epoch 23 iteration 16 with loss tensor(0.2631, device='cuda:0', dtype=torch.float64)
Training at Epoch 23 iteration 20 with loss tensor(0.2654, device='cuda:0', dtype=torch.float64)
Training at Epoch 23 iteration 24 with loss tensor(0.2662, device='cuda:0', dtype=torch.float64)
Training at Epoch 23 iteration 28 with loss tensor(0.2671, device='cuda:0', dtype=torch.float64)
Valid
Precision:  0.971473231731145
Recall:  0.5394965277777778
F1:  0.6937347159760363
max f1:  0.8824419163608599
Training at Epoch 24 iteration 4 with loss tensor(0.2609, device='cuda:0', dtype=torch.float64)
Training at Epoch 24 iteration 8 with loss tensor(0.2672, device='cuda:0', dtype=torch.float64)
Training at Epoch 24 iteration 12 with loss tensor(0.2692, device='cuda:0', dtype=torch.float64)
Training at Epoch 24 iteration 16 with loss tensor(0.2713, device='cuda:0', dtype=torch.float64)
Training at Epoch 24 iteration 20 with loss tensor(0.2704, device='cuda:0', dtype=torch.float64)
Training at Epoch 24 iteration 24 with loss tensor(0.2701, device='cuda:0', dtype=torch.float64)
Training at Epoch 24 iteration 28 with loss tensor(0.2699, device='cuda:0', dtype=torch.float64)
Valid
Precision:  0.6993827160493827
Recall:  0.9865041358293426
F1:  0.8184932836919286
max f1:  0.8824419163608599
Training at Epoch 25 iteration 4 with loss tensor(0.2526, device='cuda:0', dtype=torch.float64)
Training at Epoch 25 iteration 8 with loss tensor(0.2684, device='cuda:0', dtype=torch.float64)
Training at Epoch 25 iteration 12 with loss tensor(0.2688, device='cuda:0', dtype=torch.float64)
Training at Epoch 25 iteration 16 with loss tensor(0.2680, device='cuda:0', dtype=torch.float64)
Training at Epoch 25 iteration 20 with loss tensor(0.2670, device='cuda:0', dtype=torch.float64)
Training at Epoch 25 iteration 24 with loss tensor(0.2671, device='cuda:0', dtype=torch.float64)
Training at Epoch 25 iteration 28 with loss tensor(0.2680, device='cuda:0', dtype=torch.float64)
Valid
Precision:  0.8720200752823086
Recall:  0.9039670496423152
F1:  0.8877057268784093
max f1:  0.8877057268784093
Training at Epoch 26 iteration 4 with loss tensor(0.2745, device='cuda:0', dtype=torch.float64)
Training at Epoch 26 iteration 8 with loss tensor(0.2706, device='cuda:0', dtype=torch.float64)
Training at Epoch 26 iteration 12 with loss tensor(0.2663, device='cuda:0', dtype=torch.float64)
Training at Epoch 26 iteration 16 with loss tensor(0.2689, device='cuda:0', dtype=torch.float64)
Training at Epoch 26 iteration 20 with loss tensor(0.2699, device='cuda:0', dtype=torch.float64)
Training at Epoch 26 iteration 24 with loss tensor(0.2695, device='cuda:0', dtype=torch.float64)
Training at Epoch 26 iteration 28 with loss tensor(0.2681, device='cuda:0', dtype=torch.float64)
Valid
Precision:  0.7616099071207431
Recall:  0.9674459252785668
F1:  0.8522755151700989
max f1:  0.8877057268784093
Training at Epoch 27 iteration 4 with loss tensor(0.2548, device='cuda:0', dtype=torch.float64)
Training at Epoch 27 iteration 8 with loss tensor(0.2592, device='cuda:0', dtype=torch.float64)
Training at Epoch 27 iteration 12 with loss tensor(0.2642, device='cuda:0', dtype=torch.float64)
Training at Epoch 27 iteration 16 with loss tensor(0.2648, device='cuda:0', dtype=torch.float64)
Training at Epoch 27 iteration 20 with loss tensor(0.2653, device='cuda:0', dtype=torch.float64)
Training at Epoch 27 iteration 24 with loss tensor(0.2660, device='cuda:0', dtype=torch.float64)
Training at Epoch 27 iteration 28 with loss tensor(0.2671, device='cuda:0', dtype=torch.float64)
Valid
Precision:  0.8281068524970964
Recall:  0.9352864013992129
F1:  0.8784389268987389
max f1:  0.8877057268784093
Training at Epoch 28 iteration 4 with loss tensor(0.2570, device='cuda:0', dtype=torch.float64)
Training at Epoch 28 iteration 8 with loss tensor(0.2562, device='cuda:0', dtype=torch.float64)
Training at Epoch 28 iteration 12 with loss tensor(0.2649, device='cuda:0', dtype=torch.float64)
Training at Epoch 28 iteration 16 with loss tensor(0.2653, device='cuda:0', dtype=torch.float64)
Training at Epoch 28 iteration 20 with loss tensor(0.2662, device='cuda:0', dtype=torch.float64)
Training at Epoch 28 iteration 24 with loss tensor(0.2676, device='cuda:0', dtype=torch.float64)
Training at Epoch 28 iteration 28 with loss tensor(0.2685, device='cuda:0', dtype=torch.float64)
Valid
Precision:  0.8804582792909641
Recall:  0.8887191795766964
F1:  0.884568942947442
max f1:  0.8877057268784093
Training at Epoch 29 iteration 4 with loss tensor(0.2690, device='cuda:0', dtype=torch.float64)
Training at Epoch 29 iteration 8 with loss tensor(0.2685, device='cuda:0', dtype=torch.float64)
Training at Epoch 29 iteration 12 with loss tensor(0.2645, device='cuda:0', dtype=torch.float64)
Training at Epoch 29 iteration 16 with loss tensor(0.2643, device='cuda:0', dtype=torch.float64)
Training at Epoch 29 iteration 20 with loss tensor(0.2645, device='cuda:0', dtype=torch.float64)
Training at Epoch 29 iteration 24 with loss tensor(0.2662, device='cuda:0', dtype=torch.float64)
Training at Epoch 29 iteration 28 with loss tensor(0.2668, device='cuda:0', dtype=torch.float64)
Valid
Precision:  0.9643361581920904
Recall:  0.5952484742807324
F1:  0.7361181263864813
max f1:  0.8877057268784093
Training at Epoch 30 iteration 4 with loss tensor(0.2507, device='cuda:0', dtype=torch.float64)
Training at Epoch 30 iteration 8 with loss tensor(0.2559, device='cuda:0', dtype=torch.float64)
Training at Epoch 30 iteration 12 with loss tensor(0.2600, device='cuda:0', dtype=torch.float64)
Training at Epoch 30 iteration 16 with loss tensor(0.2593, device='cuda:0', dtype=torch.float64)
Training at Epoch 30 iteration 20 with loss tensor(0.2646, device='cuda:0', dtype=torch.float64)
Training at Epoch 30 iteration 24 with loss tensor(0.2632, device='cuda:0', dtype=torch.float64)
Training at Epoch 30 iteration 28 with loss tensor(0.2623, device='cuda:0', dtype=torch.float64)
Valid
Precision:  0.8747620055003174
Recall:  0.8963797962280512
F1:  0.8854384722375112
max f1:  0.8877057268784093
Training at Epoch 31 iteration 4 with loss tensor(0.2536, device='cuda:0', dtype=torch.float64)
Training at Epoch 31 iteration 8 with loss tensor(0.2540, device='cuda:0', dtype=torch.float64)
Training at Epoch 31 iteration 12 with loss tensor(0.2599, device='cuda:0', dtype=torch.float64)
Training at Epoch 31 iteration 16 with loss tensor(0.2614, device='cuda:0', dtype=torch.float64)
Training at Epoch 31 iteration 20 with loss tensor(0.2601, device='cuda:0', dtype=torch.float64)
Training at Epoch 31 iteration 24 with loss tensor(0.2601, device='cuda:0', dtype=torch.float64)
Training at Epoch 31 iteration 28 with loss tensor(0.2627, device='cuda:0', dtype=torch.float64)
Valid
Precision:  0.901323426979336
Recall:  0.8490813648293963
F1:  0.8744222958055062
max f1:  0.8877057268784093
Training at Epoch 32 iteration 4 with loss tensor(0.2539, device='cuda:0', dtype=torch.float64)
Training at Epoch 32 iteration 8 with loss tensor(0.2600, device='cuda:0', dtype=torch.float64)
Training at Epoch 32 iteration 12 with loss tensor(0.2590, device='cuda:0', dtype=torch.float64)
Training at Epoch 32 iteration 16 with loss tensor(0.2585, device='cuda:0', dtype=torch.float64)
Training at Epoch 32 iteration 20 with loss tensor(0.2605, device='cuda:0', dtype=torch.float64)
Training at Epoch 32 iteration 24 with loss tensor(0.2606, device='cuda:0', dtype=torch.float64)
Training at Epoch 32 iteration 28 with loss tensor(0.2618, device='cuda:0', dtype=torch.float64)
Valid
Precision:  0.7897583844212045
Recall:  0.9557058695177831
F1:  0.8648430231297058
max f1:  0.8877057268784093
Training at Epoch 33 iteration 4 with loss tensor(0.2566, device='cuda:0', dtype=torch.float64)
Training at Epoch 33 iteration 8 with loss tensor(0.2625, device='cuda:0', dtype=torch.float64)
Training at Epoch 33 iteration 12 with loss tensor(0.2638, device='cuda:0', dtype=torch.float64)
Training at Epoch 33 iteration 16 with loss tensor(0.2638, device='cuda:0', dtype=torch.float64)
Training at Epoch 33 iteration 20 with loss tensor(0.2653, device='cuda:0', dtype=torch.float64)
Training at Epoch 33 iteration 24 with loss tensor(0.2650, device='cuda:0', dtype=torch.float64)
Training at Epoch 33 iteration 28 with loss tensor(0.2629, device='cuda:0', dtype=torch.float64)
Valid
Precision:  0.8312318137730359
Recall:  0.9317242878886715
F1:  0.8786134036138389
max f1:  0.8877057268784093
Training at Epoch 34 iteration 4 with loss tensor(0.2471, device='cuda:0', dtype=torch.float64)
Training at Epoch 34 iteration 8 with loss tensor(0.2567, device='cuda:0', dtype=torch.float64)
Training at Epoch 34 iteration 12 with loss tensor(0.2600, device='cuda:0', dtype=torch.float64)
Training at Epoch 34 iteration 16 with loss tensor(0.2611, device='cuda:0', dtype=torch.float64)
Training at Epoch 34 iteration 20 with loss tensor(0.2641, device='cuda:0', dtype=torch.float64)
Training at Epoch 34 iteration 24 with loss tensor(0.2647, device='cuda:0', dtype=torch.float64)
Training at Epoch 34 iteration 28 with loss tensor(0.2630, device='cuda:0', dtype=torch.float64)
Valid
Precision:  0.8225099980956009
Recall:  0.9368763557483731
F1:  0.8759755694489838
max f1:  0.8877057268784093
Training at Epoch 35 iteration 4 with loss tensor(0.2584, device='cuda:0', dtype=torch.float64)
Training at Epoch 35 iteration 8 with loss tensor(0.2541, device='cuda:0', dtype=torch.float64)
Training at Epoch 35 iteration 12 with loss tensor(0.2531, device='cuda:0', dtype=torch.float64)
Training at Epoch 35 iteration 16 with loss tensor(0.2574, device='cuda:0', dtype=torch.float64)
Training at Epoch 35 iteration 20 with loss tensor(0.2585, device='cuda:0', dtype=torch.float64)
Training at Epoch 35 iteration 24 with loss tensor(0.2617, device='cuda:0', dtype=torch.float64)
Training at Epoch 35 iteration 28 with loss tensor(0.2615, device='cuda:0', dtype=torch.float64)
Valid
Precision:  0.9107692307692308
Recall:  0.83470715835141
F1:  0.8710804290765182
max f1:  0.8877057268784093
Training at Epoch 36 iteration 4 with loss tensor(0.2610, device='cuda:0', dtype=torch.float64)
Training at Epoch 36 iteration 8 with loss tensor(0.2611, device='cuda:0', dtype=torch.float64)
Training at Epoch 36 iteration 12 with loss tensor(0.2634, device='cuda:0', dtype=torch.float64)
Training at Epoch 36 iteration 16 with loss tensor(0.2624, device='cuda:0', dtype=torch.float64)
Training at Epoch 36 iteration 20 with loss tensor(0.2622, device='cuda:0', dtype=torch.float64)
Training at Epoch 36 iteration 24 with loss tensor(0.2614, device='cuda:0', dtype=torch.float64)
Training at Epoch 36 iteration 28 with loss tensor(0.2635, device='cuda:0', dtype=torch.float64)
Valid
Precision:  0.8954174228675136
Recall:  0.8621668851026649
F1:  0.8784771320510363
max f1:  0.8877057268784093
Training at Epoch 37 iteration 4 with loss tensor(0.2558, device='cuda:0', dtype=torch.float64)
Training at Epoch 37 iteration 8 with loss tensor(0.2591, device='cuda:0', dtype=torch.float64)
Training at Epoch 37 iteration 12 with loss tensor(0.2657, device='cuda:0', dtype=torch.float64)
Training at Epoch 37 iteration 16 with loss tensor(0.2648, device='cuda:0', dtype=torch.float64)
Training at Epoch 37 iteration 20 with loss tensor(0.2643, device='cuda:0', dtype=torch.float64)
Training at Epoch 37 iteration 24 with loss tensor(0.2643, device='cuda:0', dtype=torch.float64)
Training at Epoch 37 iteration 28 with loss tensor(0.2630, device='cuda:0', dtype=torch.float64)
Valid
Precision:  0.851222963412169
Recall:  0.9174291938997822
F1:  0.8830864253103189
max f1:  0.8877057268784093
Training at Epoch 38 iteration 4 with loss tensor(0.2573, device='cuda:0', dtype=torch.float64)
Training at Epoch 38 iteration 8 with loss tensor(0.2521, device='cuda:0', dtype=torch.float64)
Training at Epoch 38 iteration 12 with loss tensor(0.2565, device='cuda:0', dtype=torch.float64)
Training at Epoch 38 iteration 16 with loss tensor(0.2562, device='cuda:0', dtype=torch.float64)
Training at Epoch 38 iteration 20 with loss tensor(0.2583, device='cuda:0', dtype=torch.float64)
Training at Epoch 38 iteration 24 with loss tensor(0.2579, device='cuda:0', dtype=torch.float64)
Training at Epoch 38 iteration 28 with loss tensor(0.2609, device='cuda:0', dtype=torch.float64)
Valid
Precision:  0.8864734299516909
Recall:  0.8804798255179934
F1:  0.8834659624198669
max f1:  0.8877057268784093
Training at Epoch 39 iteration 4 with loss tensor(0.2532, device='cuda:0', dtype=torch.float64)
Training at Epoch 39 iteration 8 with loss tensor(0.2524, device='cuda:0', dtype=torch.float64)
Training at Epoch 39 iteration 12 with loss tensor(0.2563, device='cuda:0', dtype=torch.float64)
Training at Epoch 39 iteration 16 with loss tensor(0.2627, device='cuda:0', dtype=torch.float64)
Training at Epoch 39 iteration 20 with loss tensor(0.2629, device='cuda:0', dtype=torch.float64)
Training at Epoch 39 iteration 24 with loss tensor(0.2650, device='cuda:0', dtype=torch.float64)
Training at Epoch 39 iteration 28 with loss tensor(0.2632, device='cuda:0', dtype=torch.float64)
Valid
Precision:  0.8666805758397663
Recall:  0.9063931922321623
F1:  0.8860916504217569
max f1:  0.8877057268784093
Training at Epoch 40 iteration 4 with loss tensor(0.2436, device='cuda:0', dtype=torch.float64)
Training at Epoch 40 iteration 8 with loss tensor(0.2517, device='cuda:0', dtype=torch.float64)
Training at Epoch 40 iteration 12 with loss tensor(0.2558, device='cuda:0', dtype=torch.float64)
Training at Epoch 40 iteration 16 with loss tensor(0.2563, device='cuda:0', dtype=torch.float64)
Training at Epoch 40 iteration 20 with loss tensor(0.2578, device='cuda:0', dtype=torch.float64)
Training at Epoch 40 iteration 24 with loss tensor(0.2567, device='cuda:0', dtype=torch.float64)
Training at Epoch 40 iteration 28 with loss tensor(0.2594, device='cuda:0', dtype=torch.float64)
Valid
Precision:  0.867702645947081
Recall:  0.8998257839721254
F1:  0.8834718114761
max f1:  0.8877057268784093
Training at Epoch 41 iteration 4 with loss tensor(0.2556, device='cuda:0', dtype=torch.float64)
Training at Epoch 41 iteration 8 with loss tensor(0.2561, device='cuda:0', dtype=torch.float64)
Training at Epoch 41 iteration 12 with loss tensor(0.2538, device='cuda:0', dtype=torch.float64)
Training at Epoch 41 iteration 16 with loss tensor(0.2563, device='cuda:0', dtype=torch.float64)
Training at Epoch 41 iteration 20 with loss tensor(0.2601, device='cuda:0', dtype=torch.float64)
Training at Epoch 41 iteration 24 with loss tensor(0.2601, device='cuda:0', dtype=torch.float64)
Training at Epoch 41 iteration 28 with loss tensor(0.2600, device='cuda:0', dtype=torch.float64)
Valid
Precision:  0.8636836628511967
Recall:  0.9043364567443888
F1:  0.8835421870860063
max f1:  0.8877057268784093
Training at Epoch 42 iteration 4 with loss tensor(0.2573, device='cuda:0', dtype=torch.float64)
Training at Epoch 42 iteration 8 with loss tensor(0.2566, device='cuda:0', dtype=torch.float64)
Training at Epoch 42 iteration 12 with loss tensor(0.2614, device='cuda:0', dtype=torch.float64)
Training at Epoch 42 iteration 16 with loss tensor(0.2590, device='cuda:0', dtype=torch.float64)
Training at Epoch 42 iteration 20 with loss tensor(0.2603, device='cuda:0', dtype=torch.float64)
Training at Epoch 42 iteration 24 with loss tensor(0.2599, device='cuda:0', dtype=torch.float64)
Training at Epoch 42 iteration 28 with loss tensor(0.2590, device='cuda:0', dtype=torch.float64)
Valid
Precision:  0.8828652296973656
Recall:  0.8857579729139362
F1:  0.8843087356356842
max f1:  0.8877057268784093
Training at Epoch 43 iteration 4 with loss tensor(0.2425, device='cuda:0', dtype=torch.float64)
Training at Epoch 43 iteration 8 with loss tensor(0.2599, device='cuda:0', dtype=torch.float64)
Training at Epoch 43 iteration 12 with loss tensor(0.2616, device='cuda:0', dtype=torch.float64)
Training at Epoch 43 iteration 16 with loss tensor(0.2638, device='cuda:0', dtype=torch.float64)
Training at Epoch 43 iteration 20 with loss tensor(0.2637, device='cuda:0', dtype=torch.float64)
Training at Epoch 43 iteration 24 with loss tensor(0.2611, device='cuda:0', dtype=torch.float64)
Training at Epoch 43 iteration 28 with loss tensor(0.2588, device='cuda:0', dtype=torch.float64)
Valid
Precision:  0.8761477685244501
Recall:  0.8911815812337098
F1:  0.8836002322427732
max f1:  0.8877057268784093
Training at Epoch 44 iteration 4 with loss tensor(0.2449, device='cuda:0', dtype=torch.float64)
Training at Epoch 44 iteration 8 with loss tensor(0.2462, device='cuda:0', dtype=torch.float64)
Training at Epoch 44 iteration 12 with loss tensor(0.2483, device='cuda:0', dtype=torch.float64)
Training at Epoch 44 iteration 16 with loss tensor(0.2500, device='cuda:0', dtype=torch.float64)
Training at Epoch 44 iteration 20 with loss tensor(0.2511, device='cuda:0', dtype=torch.float64)
Training at Epoch 44 iteration 24 with loss tensor(0.2573, device='cuda:0', dtype=torch.float64)
Training at Epoch 44 iteration 28 with loss tensor(0.2600, device='cuda:0', dtype=torch.float64)
Valid
Precision:  0.8810496881049689
Recall:  0.891597736177623
F1:  0.88629182934829
max f1:  0.8877057268784093
Training at Epoch 45 iteration 4 with loss tensor(0.2587, device='cuda:0', dtype=torch.float64)
Training at Epoch 45 iteration 8 with loss tensor(0.2631, device='cuda:0', dtype=torch.float64)
Training at Epoch 45 iteration 12 with loss tensor(0.2640, device='cuda:0', dtype=torch.float64)
Training at Epoch 45 iteration 16 with loss tensor(0.2628, device='cuda:0', dtype=torch.float64)
Training at Epoch 45 iteration 20 with loss tensor(0.2596, device='cuda:0', dtype=torch.float64)
Training at Epoch 45 iteration 24 with loss tensor(0.2577, device='cuda:0', dtype=torch.float64)
Training at Epoch 45 iteration 28 with loss tensor(0.2600, device='cuda:0', dtype=torch.float64)
Valid
Precision:  0.8684155299055614
Recall:  0.9038881607688947
F1:  0.8857963534597062
max f1:  0.8877057268784093
Training at Epoch 46 iteration 4 with loss tensor(0.2580, device='cuda:0', dtype=torch.float64)
Training at Epoch 46 iteration 8 with loss tensor(0.2624, device='cuda:0', dtype=torch.float64)
Training at Epoch 46 iteration 12 with loss tensor(0.2604, device='cuda:0', dtype=torch.float64)
Training at Epoch 46 iteration 16 with loss tensor(0.2617, device='cuda:0', dtype=torch.float64)
Training at Epoch 46 iteration 20 with loss tensor(0.2578, device='cuda:0', dtype=torch.float64)
Training at Epoch 46 iteration 24 with loss tensor(0.2608, device='cuda:0', dtype=torch.float64)
Training at Epoch 46 iteration 28 with loss tensor(0.2613, device='cuda:0', dtype=torch.float64)
Valid
Precision:  0.8809318377911993
Recall:  0.8899542383961647
F1:  0.8854195542138031
max f1:  0.8877057268784093
Training at Epoch 47 iteration 4 with loss tensor(0.2550, device='cuda:0', dtype=torch.float64)
Training at Epoch 47 iteration 8 with loss tensor(0.2550, device='cuda:0', dtype=torch.float64)
Training at Epoch 47 iteration 12 with loss tensor(0.2577, device='cuda:0', dtype=torch.float64)
Training at Epoch 47 iteration 16 with loss tensor(0.2584, device='cuda:0', dtype=torch.float64)
Training at Epoch 47 iteration 20 with loss tensor(0.2584, device='cuda:0', dtype=torch.float64)
Training at Epoch 47 iteration 24 with loss tensor(0.2612, device='cuda:0', dtype=torch.float64)
Training at Epoch 47 iteration 28 with loss tensor(0.2621, device='cuda:0', dtype=torch.float64)
Valid
Precision:  0.9002064693737095
Recall:  0.8558342420937841
F1:  0.8774592498723018
max f1:  0.8877057268784093
Training at Epoch 48 iteration 4 with loss tensor(0.2525, device='cuda:0', dtype=torch.float64)
Training at Epoch 48 iteration 8 with loss tensor(0.2564, device='cuda:0', dtype=torch.float64)
Training at Epoch 48 iteration 12 with loss tensor(0.2531, device='cuda:0', dtype=torch.float64)
Training at Epoch 48 iteration 16 with loss tensor(0.2533, device='cuda:0', dtype=torch.float64)
Training at Epoch 48 iteration 20 with loss tensor(0.2557, device='cuda:0', dtype=torch.float64)
Training at Epoch 48 iteration 24 with loss tensor(0.2590, device='cuda:0', dtype=torch.float64)
Training at Epoch 48 iteration 28 with loss tensor(0.2588, device='cuda:0', dtype=torch.float64)
Valid
Precision:  0.8730259001895135
Recall:  0.8983748645720476
F1:  0.8855185090731975
max f1:  0.8877057268784093
Training at Epoch 49 iteration 4 with loss tensor(0.2529, device='cuda:0', dtype=torch.float64)
Training at Epoch 49 iteration 8 with loss tensor(0.2564, device='cuda:0', dtype=torch.float64)
Training at Epoch 49 iteration 12 with loss tensor(0.2579, device='cuda:0', dtype=torch.float64)
Training at Epoch 49 iteration 16 with loss tensor(0.2582, device='cuda:0', dtype=torch.float64)
Training at Epoch 49 iteration 20 with loss tensor(0.2586, device='cuda:0', dtype=torch.float64)
Training at Epoch 49 iteration 24 with loss tensor(0.2602, device='cuda:0', dtype=torch.float64)
Training at Epoch 49 iteration 28 with loss tensor(0.2603, device='cuda:0', dtype=torch.float64)
Valid
Precision:  0.9007598434262031
Recall:  0.854521625163827
F1:  0.8770312232482642
max f1:  0.8877057268784093
Training at Epoch 50 iteration 4 with loss tensor(0.2483, device='cuda:0', dtype=torch.float64)
Training at Epoch 50 iteration 8 with loss tensor(0.2578, device='cuda:0', dtype=torch.float64)
Training at Epoch 50 iteration 12 with loss tensor(0.2603, device='cuda:0', dtype=torch.float64)
Training at Epoch 50 iteration 16 with loss tensor(0.2587, device='cuda:0', dtype=torch.float64)
Training at Epoch 50 iteration 20 with loss tensor(0.2571, device='cuda:0', dtype=torch.float64)
Training at Epoch 50 iteration 24 with loss tensor(0.2562, device='cuda:0', dtype=torch.float64)
Training at Epoch 50 iteration 28 with loss tensor(0.2573, device='cuda:0', dtype=torch.float64)
Valid
Precision:  0.8747870528109029
Recall:  0.8957697339729612
F1:  0.8851535616951541
max f1:  0.8877057268784093
Test
Precision:  0.872858049502856
Recall:  0.890183387270766
F1:  0.8814350907343191
